<?xml version="1.0" encoding="UTF-8"?>
<!-- Generated by org.testng.reporters.JUnitXMLReporter -->
<testsuite ignored="0" hostname="DELL" failures="0" tests="8" name="flipkart application test cases" time="245.251" errors="0" timestamp="2020-10-19T16:42:51 IST">
  <testcase classname="pom_testcases.loginpage_testcases" name="@BeforeMethod setup" time="66.421">
    <failure type="org.openqa.selenium.TimeoutException" message="No connection could be made because the target machine actively refused it. (os error 10061)
Build info: version: &amp;apos;4.0.0-alpha-3&amp;apos;, revision: &amp;apos;8c567de6dc&amp;apos;
System info: host: &amp;apos;DELL&amp;apos;, ip: &amp;apos;192.168.43.75&amp;apos;, os.name: &amp;apos;Windows 10&amp;apos;, os.arch: &amp;apos;amd64&amp;apos;, os.version: &amp;apos;10.0&amp;apos;, java.version: &amp;apos;13.0.2&amp;apos;
Driver info: driver.version: FirefoxDriver
remote stacktrace: ">
      <![CDATA[org.openqa.selenium.TimeoutException: No connection could be made because the target machine actively refused it. (os error 10061)
Build info: version: '4.0.0-alpha-3', revision: '8c567de6dc'
System info: host: 'DELL', ip: '192.168.43.75', os.name: 'Windows 10', os.arch: 'amd64', os.version: '10.0', java.version: '13.0.2'
Driver info: driver.version: FirefoxDriver
remote stacktrace: 
at org.openqa.selenium.remote.W3CHandshakeResponse.lambda$errorHandler$0(W3CHandshakeResponse.java:62)
at org.openqa.selenium.remote.HandshakeResponse.lambda$getResponseFunction$0(HandshakeResponse.java:30)
at org.openqa.selenium.remote.ProtocolHandshake.lambda$createSession$1(ProtocolHandshake.java:127)
at java.base/java.util.stream.ReferencePipeline$3$1.accept(ReferencePipeline.java:195)
at java.base/java.util.Spliterators$ArraySpliterator.tryAdvance(Spliterators.java:958)
at java.base/java.util.stream.ReferencePipeline.forEachWithCancel(ReferencePipeline.java:127)
at java.base/java.util.stream.AbstractPipeline.copyIntoWithCancel(AbstractPipeline.java:502)
at java.base/java.util.stream.AbstractPipeline.copyInto(AbstractPipeline.java:488)
at java.base/java.util.stream.AbstractPipeline.wrapAndCopyInto(AbstractPipeline.java:474)
at java.base/java.util.stream.FindOps$FindOp.evaluateSequential(FindOps.java:150)
at java.base/java.util.stream.AbstractPipeline.evaluate(AbstractPipeline.java:234)
at java.base/java.util.stream.ReferencePipeline.findFirst(ReferencePipeline.java:543)
at org.openqa.selenium.remote.ProtocolHandshake.createSession(ProtocolHandshake.java:129)
at org.openqa.selenium.remote.ProtocolHandshake.createSession(ProtocolHandshake.java:75)
at org.openqa.selenium.remote.HttpCommandExecutor.execute(HttpCommandExecutor.java:139)
at org.openqa.selenium.remote.service.DriverCommandExecutor.execute(DriverCommandExecutor.java:83)
at org.openqa.selenium.remote.RemoteWebDriver.execute(RemoteWebDriver.java:576)
at org.openqa.selenium.remote.RemoteWebDriver.startSession(RemoteWebDriver.java:210)
at org.openqa.selenium.remote.RemoteWebDriver.<init>(RemoteWebDriver.java:130)
at org.openqa.selenium.firefox.FirefoxDriver.<init>(FirefoxDriver.java:154)
at org.openqa.selenium.firefox.FirefoxDriver.<init>(FirefoxDriver.java:132)
at pom_testbase.test_Base.inilization(test_Base.java:58)
at pom_testcases.loginpage_testcases.setup(loginpage_testcases.java:27)
at java.base/java.util.ArrayList.forEach(ArrayList.java:1507)
... Removed 36 stack frames]]>
    </failure>
  </testcase> <!-- @BeforeMethod setup -->
  <testcase classname="pom_testcases.loginpage_testcases" name="@AfterMethod teardown" time="-1.603105792455E9">
    <skipped/>
  </testcase> <!-- @AfterMethod teardown -->
  <testcase classname="pom_testcases.loginpage_testcases" name="@BeforeMethod setup" time="-1.603105792554E9">
    <skipped/>
  </testcase> <!-- @BeforeMethod setup -->
  <testcase classname="pom_testcases.loginpage_testcases" name="@AfterMethod teardown" time="-1.60310579257E9">
    <skipped/>
  </testcase> <!-- @AfterMethod teardown -->
  <testcase classname="pom_testcases.loginpage_testcases" name="@BeforeMethod setup" time="-1.603105792578E9">
    <skipped/>
  </testcase> <!-- @BeforeMethod setup -->
  <testcase classname="pom_testcases.loginpage_testcases" name="@AfterMethod teardown" time="-1.603105792594E9">
    <skipped/>
  </testcase> <!-- @AfterMethod teardown -->
  <testcase classname="pom_testcases.loginpage_testcases" name="validatepagetitle" time="0.0">
    <skipped/>
  </testcase> <!-- validatepagetitle -->
  <testcase classname="pom_testcases.loginpage_testcases" name="validatelogo" time="0.0">
    <skipped/>
  </testcase> <!-- validatelogo -->
  <testcase classname="pom_testcases.loginpage_testcases" name="doLogin" time="0.0">
    <skipped/>
  </testcase> <!-- doLogin -->
  <testcase classname="pom_testcases.homepage_testcases" name="homepageValidatePageTitleTest" time="0.064"/>
  <testcase classname="pom_testcases.homepage_testcases" name="homepagevalidatelogotest" time="0.391"/>
  <testcase classname="pom_testcases.homepage_testcases" name="profilepagevalidatetitletest" time="0.055"/>
  <testcase classname="pom_testcases.profilepage_testcases" name="validateProfilePageTitletest" time="0.0"/>
  <testcase classname="pom_testcases.profilepage_testcases" name="getData" time="0.0">
    <skipped/>
  </testcase> <!-- getData -->
</testsuite> <!-- flipkart application test cases -->
